<?xml version="1.0" encoding="UTF-8"?>
<!-- Generated by org.testng.reporters.JUnitXMLReporter -->
<testsuite ignored="40" hostname="Tamilselvi" failures="9" tests="24" name="Test" time="369.178" errors="0" timestamp="2024-08-06T15:14:42 IST">
  <testcase classname="mentor.DashBoard" name="clickDashboard" time="16.947"/>
  <testcase classname="mentor.DashBoard" name="clickall" time="14.51"/>
  <testcase classname="mentor.DashBoard" name="clickvisit" time="7.818"/>
  <testcase classname="mentor.DashBoard" name="Edit" time="16.073"/>
  <testcase classname="mentor.DashBoard" name="back" time="0.737"/>
  <testcase classname="mentor.Resubmission" name="move" time="4.202"/>
  <testcase classname="mentor.Resubmission" name="clickall" time="7.046"/>
  <testcase classname="mentor.Resubmission" name="sub" time="17.812"/>
  <testcase classname="mentor.Resubmission" name="visit" time="8.492"/>
  <testcase classname="mentor.Resubmission" name="locate" time="15.441"/>
  <testcase classname="mentor.Resubmission" name="proficiency" time="6.382"/>
  <testcase classname="mentor.Family" name="clickfamily" time="4.183"/>
  <testcase classname="mentor.Family" name="viewclick" time="26.847"/>
  <testcase classname="mentor.Family" name="Transferclose" time="67.683">
    <failure type="org.openqa.selenium.NoSuchElementException" message="Cannot locate option with text: Ribhadharshini B(171103)
For documentation on this error, please visit: https://www.selenium.dev/documentation/webdriver/troubleshooting/errors#no-such-element-exception
Build info: version: &amp;apos;4.22.0&amp;apos;, revision: &amp;apos;c5f3146703*&amp;apos;
System info: os.name: &amp;apos;Windows 10&amp;apos;, os.arch: &amp;apos;amd64&amp;apos;, os.version: &amp;apos;10.0&amp;apos;, java.version: &amp;apos;16.0.1&amp;apos;
Driver info: driver.version: unknown">
      <![CDATA[org.openqa.selenium.NoSuchElementException: Cannot locate option with text: Ribhadharshini B(171103)
For documentation on this error, please visit: https://www.selenium.dev/documentation/webdriver/troubleshooting/errors#no-such-element-exception
Build info: version: '4.22.0', revision: 'c5f3146703*'
System info: os.name: 'Windows 10', os.arch: 'amd64', os.version: '10.0', java.version: '16.0.1'
Driver info: driver.version: unknown
at org.openqa.selenium.support.ui.Select.selectByVisibleText(Select.java:153)
at mentor.Family.Transferclose(Family.java:58)
at java.base/java.util.ArrayList.forEach(ArrayList.java:1511)
... Removed 27 stack frames]]>
    </failure>
  </testcase> <!-- Transferclose -->
  <testcase classname="mentor.Family" name="Transfersubmit" time="1.102">
    <failure type="org.openqa.selenium.ElementClickInterceptedException" message="element click intercepted: Element &amp;lt;button id=&amp;quot;dropdown-1__BV_toggle_&amp;quot; aria-haspopup=&amp;quot;menu&amp;quot; aria-expanded=&amp;quot;false&amp;quot; type=&amp;quot;button&amp;quot; class=&amp;quot;btn dropdown-toggle btn-primary dropdown-toggle-no-caret&amp;quot;&amp;gt;...&amp;lt;/button&amp;gt; is not clickable at point (1135, 21). Other element would receive the click: &amp;lt;header class=&amp;quot;b-sidebar-header&amp;quot;&amp;gt;...&amp;lt;/header&amp;gt;
  (Session info: chrome=127.0.6533.89)
Build info: version: &amp;apos;4.22.0&amp;apos;, revision: &amp;apos;c5f3146703*&amp;apos;
System info: os.name: &amp;apos;Windows 10&amp;apos;, os.arch: &amp;apos;amd64&amp;apos;, os.version: &amp;apos;10.0&amp;apos;, java.version: &amp;apos;16.0.1&amp;apos;
Driver info: org.openqa.selenium.chrome.ChromeDriver
Command: [f9921cf2d6bfa23c9a0ef098f21ecbe6, clickElement {id=f.6A59081E47A13E211C927F645F00E5E5.d.232256D1782E32C7852BE935BF343759.e.972}]
Capabilities {acceptInsecureCerts: false, browserName: chrome, browserVersion: 127.0.6533.89, chrome: {chromedriverVersion: 127.0.6533.88 (a2d0cb026721..., userDataDir: C:\Users\tamil\AppData\Loca...}, fedcm:accounts: true, goog:chromeOptions: {debuggerAddress: localhost:55455}, networkConnectionEnabled: false, pageLoadStrategy: normal, platformName: windows, proxy: Proxy(), se:cdp: ws://localhost:55455/devtoo..., se:cdpVersion: 127.0.6533.89, setWindowRect: true, strictFileInteractability: false, timeouts: {implicit: 0, pageLoad: 300000, script: 30000}, unhandledPromptBehavior: dismiss and notify, webauthn:extension:credBlob: true, webauthn:extension:largeBlob: true, webauthn:extension:minPinLength: true, webauthn:extension:prf: true, webauthn:virtualAuthenticators: true}
Element: [[ChromeDriver: chrome on windows (f9921cf2d6bfa23c9a0ef098f21ecbe6)] -&amp;gt; css selector: #dropdown-1__BV_toggle_]
Session ID: f9921cf2d6bfa23c9a0ef098f21ecbe6">
      <![CDATA[org.openqa.selenium.ElementClickInterceptedException: element click intercepted: Element <button id="dropdown-1__BV_toggle_" aria-haspopup="menu" aria-expanded="false" type="button" class="btn dropdown-toggle btn-primary dropdown-toggle-no-caret">...</button> is not clickable at point (1135, 21). Other element would receive the click: <header class="b-sidebar-header">...</header>
  (Session info: chrome=127.0.6533.89)
Build info: version: '4.22.0', revision: 'c5f3146703*'
System info: os.name: 'Windows 10', os.arch: 'amd64', os.version: '10.0', java.version: '16.0.1'
Driver info: org.openqa.selenium.chrome.ChromeDriver
Command: [f9921cf2d6bfa23c9a0ef098f21ecbe6, clickElement {id=f.6A59081E47A13E211C927F645F00E5E5.d.232256D1782E32C7852BE935BF343759.e.972}]
Capabilities {acceptInsecureCerts: false, browserName: chrome, browserVersion: 127.0.6533.89, chrome: {chromedriverVersion: 127.0.6533.88 (a2d0cb026721..., userDataDir: C:\Users\tamil\AppData\Loca...}, fedcm:accounts: true, goog:chromeOptions: {debuggerAddress: localhost:55455}, networkConnectionEnabled: false, pageLoadStrategy: normal, platformName: windows, proxy: Proxy(), se:cdp: ws://localhost:55455/devtoo..., se:cdpVersion: 127.0.6533.89, setWindowRect: true, strictFileInteractability: false, timeouts: {implicit: 0, pageLoad: 300000, script: 30000}, unhandledPromptBehavior: dismiss and notify, webauthn:extension:credBlob: true, webauthn:extension:largeBlob: true, webauthn:extension:minPinLength: true, webauthn:extension:prf: true, webauthn:virtualAuthenticators: true}
Element: [[ChromeDriver: chrome on windows (f9921cf2d6bfa23c9a0ef098f21ecbe6)] -> css selector: #dropdown-1__BV_toggle_]
Session ID: f9921cf2d6bfa23c9a0ef098f21ecbe6
at org.openqa.selenium.remote.ErrorCodec.decode(ErrorCodec.java:167)
at org.openqa.selenium.remote.codec.w3c.W3CHttpResponseCodec.decode(W3CHttpResponseCodec.java:138)
at org.openqa.selenium.remote.codec.w3c.W3CHttpResponseCodec.decode(W3CHttpResponseCodec.java:50)
at org.openqa.selenium.remote.HttpCommandExecutor.execute(HttpCommandExecutor.java:190)
at org.openqa.selenium.remote.service.DriverCommandExecutor.invokeExecute(DriverCommandExecutor.java:216)
at org.openqa.selenium.remote.service.DriverCommandExecutor.execute(DriverCommandExecutor.java:174)
at org.openqa.selenium.remote.RemoteWebDriver.execute(RemoteWebDriver.java:518)
at org.openqa.selenium.remote.RemoteWebElement.execute(RemoteWebElement.java:223)
at org.openqa.selenium.remote.RemoteWebElement.click(RemoteWebElement.java:76)
at mentor.Family.Transfersubmit(Family.java:69)
at java.base/java.util.ArrayList.forEach(ArrayList.java:1511)
... Removed 32 stack frames]]>
    </failure>
  </testcase> <!-- Transfersubmit -->
  <testcase classname="mentor.Family" name="area" time="3.126">
    <failure type="org.openqa.selenium.ElementClickInterceptedException" message="element click intercepted: Element &amp;lt;button aria-haspopup=&amp;quot;menu&amp;quot; aria-expanded=&amp;quot;false&amp;quot; type=&amp;quot;button&amp;quot; class=&amp;quot;btn dropdown-toggle btn-primary&amp;quot; id=&amp;quot;__BVID__945__BV_toggle_&amp;quot;&amp;gt;...&amp;lt;/button&amp;gt; is not clickable at point (167, 21). Other element would receive the click: &amp;lt;div class=&amp;quot;b-sidebar-backdrop bg-dark&amp;quot; style=&amp;quot;&amp;quot;&amp;gt;&amp;lt;/div&amp;gt;
  (Session info: chrome=127.0.6533.89)
Build info: version: &amp;apos;4.22.0&amp;apos;, revision: &amp;apos;c5f3146703*&amp;apos;
System info: os.name: &amp;apos;Windows 10&amp;apos;, os.arch: &amp;apos;amd64&amp;apos;, os.version: &amp;apos;10.0&amp;apos;, java.version: &amp;apos;16.0.1&amp;apos;
Driver info: org.openqa.selenium.chrome.ChromeDriver
Command: [f9921cf2d6bfa23c9a0ef098f21ecbe6, clickElement {id=f.6A59081E47A13E211C927F645F00E5E5.d.232256D1782E32C7852BE935BF343759.e.978}]
Capabilities {acceptInsecureCerts: false, browserName: chrome, browserVersion: 127.0.6533.89, chrome: {chromedriverVersion: 127.0.6533.88 (a2d0cb026721..., userDataDir: C:\Users\tamil\AppData\Loca...}, fedcm:accounts: true, goog:chromeOptions: {debuggerAddress: localhost:55455}, networkConnectionEnabled: false, pageLoadStrategy: normal, platformName: windows, proxy: Proxy(), se:cdp: ws://localhost:55455/devtoo..., se:cdpVersion: 127.0.6533.89, setWindowRect: true, strictFileInteractability: false, timeouts: {implicit: 0, pageLoad: 300000, script: 30000}, unhandledPromptBehavior: dismiss and notify, webauthn:extension:credBlob: true, webauthn:extension:largeBlob: true, webauthn:extension:minPinLength: true, webauthn:extension:prf: true, webauthn:virtualAuthenticators: true}
Element: [[ChromeDriver: chrome on windows (f9921cf2d6bfa23c9a0ef098f21ecbe6)] -&amp;gt; xpath: //button[text()=&amp;apos;Area&amp;apos;]]
Session ID: f9921cf2d6bfa23c9a0ef098f21ecbe6">
      <![CDATA[org.openqa.selenium.ElementClickInterceptedException: element click intercepted: Element <button aria-haspopup="menu" aria-expanded="false" type="button" class="btn dropdown-toggle btn-primary" id="__BVID__945__BV_toggle_">...</button> is not clickable at point (167, 21). Other element would receive the click: <div class="b-sidebar-backdrop bg-dark" style=""></div>
  (Session info: chrome=127.0.6533.89)
Build info: version: '4.22.0', revision: 'c5f3146703*'
System info: os.name: 'Windows 10', os.arch: 'amd64', os.version: '10.0', java.version: '16.0.1'
Driver info: org.openqa.selenium.chrome.ChromeDriver
Command: [f9921cf2d6bfa23c9a0ef098f21ecbe6, clickElement {id=f.6A59081E47A13E211C927F645F00E5E5.d.232256D1782E32C7852BE935BF343759.e.978}]
Capabilities {acceptInsecureCerts: false, browserName: chrome, browserVersion: 127.0.6533.89, chrome: {chromedriverVersion: 127.0.6533.88 (a2d0cb026721..., userDataDir: C:\Users\tamil\AppData\Loca...}, fedcm:accounts: true, goog:chromeOptions: {debuggerAddress: localhost:55455}, networkConnectionEnabled: false, pageLoadStrategy: normal, platformName: windows, proxy: Proxy(), se:cdp: ws://localhost:55455/devtoo..., se:cdpVersion: 127.0.6533.89, setWindowRect: true, strictFileInteractability: false, timeouts: {implicit: 0, pageLoad: 300000, script: 30000}, unhandledPromptBehavior: dismiss and notify, webauthn:extension:credBlob: true, webauthn:extension:largeBlob: true, webauthn:extension:minPinLength: true, webauthn:extension:prf: true, webauthn:virtualAuthenticators: true}
Element: [[ChromeDriver: chrome on windows (f9921cf2d6bfa23c9a0ef098f21ecbe6)] -> xpath: //button[text()='Area']]
Session ID: f9921cf2d6bfa23c9a0ef098f21ecbe6
at org.openqa.selenium.remote.ErrorCodec.decode(ErrorCodec.java:167)
at org.openqa.selenium.remote.codec.w3c.W3CHttpResponseCodec.decode(W3CHttpResponseCodec.java:138)
at org.openqa.selenium.remote.codec.w3c.W3CHttpResponseCodec.decode(W3CHttpResponseCodec.java:50)
at org.openqa.selenium.remote.HttpCommandExecutor.execute(HttpCommandExecutor.java:190)
at org.openqa.selenium.remote.service.DriverCommandExecutor.invokeExecute(DriverCommandExecutor.java:216)
at org.openqa.selenium.remote.service.DriverCommandExecutor.execute(DriverCommandExecutor.java:174)
at org.openqa.selenium.remote.RemoteWebDriver.execute(RemoteWebDriver.java:518)
at org.openqa.selenium.remote.RemoteWebElement.execute(RemoteWebElement.java:223)
at org.openqa.selenium.remote.RemoteWebElement.click(RemoteWebElement.java:76)
at mentor.Family.area(Family.java:98)
at java.base/java.util.ArrayList.forEach(ArrayList.java:1511)
... Removed 32 stack frames]]>
    </failure>
  </testcase> <!-- area -->
  <testcase classname="mentor.Family" name="studentclick" time="1.132">
    <failure type="org.openqa.selenium.ElementClickInterceptedException" message="element click intercepted: Element &amp;lt;button aria-haspopup=&amp;quot;menu&amp;quot; aria-expanded=&amp;quot;false&amp;quot; type=&amp;quot;button&amp;quot; class=&amp;quot;btn dropdown-toggle btn-primary&amp;quot; id=&amp;quot;__BVID__946__BV_toggle_&amp;quot;&amp;gt;...&amp;lt;/button&amp;gt; is not clickable at point (251, 21). Other element would receive the click: &amp;lt;div class=&amp;quot;b-sidebar-backdrop bg-dark&amp;quot; style=&amp;quot;&amp;quot;&amp;gt;&amp;lt;/div&amp;gt;
  (Session info: chrome=127.0.6533.89)
Build info: version: &amp;apos;4.22.0&amp;apos;, revision: &amp;apos;c5f3146703*&amp;apos;
System info: os.name: &amp;apos;Windows 10&amp;apos;, os.arch: &amp;apos;amd64&amp;apos;, os.version: &amp;apos;10.0&amp;apos;, java.version: &amp;apos;16.0.1&amp;apos;
Driver info: org.openqa.selenium.chrome.ChromeDriver
Command: [f9921cf2d6bfa23c9a0ef098f21ecbe6, clickElement {id=f.6A59081E47A13E211C927F645F00E5E5.d.232256D1782E32C7852BE935BF343759.e.979}]
Capabilities {acceptInsecureCerts: false, browserName: chrome, browserVersion: 127.0.6533.89, chrome: {chromedriverVersion: 127.0.6533.88 (a2d0cb026721..., userDataDir: C:\Users\tamil\AppData\Loca...}, fedcm:accounts: true, goog:chromeOptions: {debuggerAddress: localhost:55455}, networkConnectionEnabled: false, pageLoadStrategy: normal, platformName: windows, proxy: Proxy(), se:cdp: ws://localhost:55455/devtoo..., se:cdpVersion: 127.0.6533.89, setWindowRect: true, strictFileInteractability: false, timeouts: {implicit: 0, pageLoad: 300000, script: 30000}, unhandledPromptBehavior: dismiss and notify, webauthn:extension:credBlob: true, webauthn:extension:largeBlob: true, webauthn:extension:minPinLength: true, webauthn:extension:prf: true, webauthn:virtualAuthenticators: true}
Element: [[ChromeDriver: chrome on windows (f9921cf2d6bfa23c9a0ef098f21ecbe6)] -&amp;gt; xpath: //button[text()=&amp;apos;Student&amp;apos;]]
Session ID: f9921cf2d6bfa23c9a0ef098f21ecbe6">
      <![CDATA[org.openqa.selenium.ElementClickInterceptedException: element click intercepted: Element <button aria-haspopup="menu" aria-expanded="false" type="button" class="btn dropdown-toggle btn-primary" id="__BVID__946__BV_toggle_">...</button> is not clickable at point (251, 21). Other element would receive the click: <div class="b-sidebar-backdrop bg-dark" style=""></div>
  (Session info: chrome=127.0.6533.89)
Build info: version: '4.22.0', revision: 'c5f3146703*'
System info: os.name: 'Windows 10', os.arch: 'amd64', os.version: '10.0', java.version: '16.0.1'
Driver info: org.openqa.selenium.chrome.ChromeDriver
Command: [f9921cf2d6bfa23c9a0ef098f21ecbe6, clickElement {id=f.6A59081E47A13E211C927F645F00E5E5.d.232256D1782E32C7852BE935BF343759.e.979}]
Capabilities {acceptInsecureCerts: false, browserName: chrome, browserVersion: 127.0.6533.89, chrome: {chromedriverVersion: 127.0.6533.88 (a2d0cb026721..., userDataDir: C:\Users\tamil\AppData\Loca...}, fedcm:accounts: true, goog:chromeOptions: {debuggerAddress: localhost:55455}, networkConnectionEnabled: false, pageLoadStrategy: normal, platformName: windows, proxy: Proxy(), se:cdp: ws://localhost:55455/devtoo..., se:cdpVersion: 127.0.6533.89, setWindowRect: true, strictFileInteractability: false, timeouts: {implicit: 0, pageLoad: 300000, script: 30000}, unhandledPromptBehavior: dismiss and notify, webauthn:extension:credBlob: true, webauthn:extension:largeBlob: true, webauthn:extension:minPinLength: true, webauthn:extension:prf: true, webauthn:virtualAuthenticators: true}
Element: [[ChromeDriver: chrome on windows (f9921cf2d6bfa23c9a0ef098f21ecbe6)] -> xpath: //button[text()='Student']]
Session ID: f9921cf2d6bfa23c9a0ef098f21ecbe6
at org.openqa.selenium.remote.ErrorCodec.decode(ErrorCodec.java:167)
at org.openqa.selenium.remote.codec.w3c.W3CHttpResponseCodec.decode(W3CHttpResponseCodec.java:138)
at org.openqa.selenium.remote.codec.w3c.W3CHttpResponseCodec.decode(W3CHttpResponseCodec.java:50)
at org.openqa.selenium.remote.HttpCommandExecutor.execute(HttpCommandExecutor.java:190)
at org.openqa.selenium.remote.service.DriverCommandExecutor.invokeExecute(DriverCommandExecutor.java:216)
at org.openqa.selenium.remote.service.DriverCommandExecutor.execute(DriverCommandExecutor.java:174)
at org.openqa.selenium.remote.RemoteWebDriver.execute(RemoteWebDriver.java:518)
at org.openqa.selenium.remote.RemoteWebElement.execute(RemoteWebElement.java:223)
at org.openqa.selenium.remote.RemoteWebElement.click(RemoteWebElement.java:76)
at mentor.Family.studentclick(Family.java:111)
at java.base/java.util.ArrayList.forEach(ArrayList.java:1511)
... Removed 32 stack frames]]>
    </failure>
  </testcase> <!-- studentclick -->
  <testcase classname="mentor.Family" name="proficiencyclick" time="1.055">
    <failure type="org.openqa.selenium.ElementClickInterceptedException" message="element click intercepted: Element &amp;lt;button aria-haspopup=&amp;quot;menu&amp;quot; aria-expanded=&amp;quot;false&amp;quot; type=&amp;quot;button&amp;quot; class=&amp;quot;btn dropdown-toggle btn-primary&amp;quot; id=&amp;quot;__BVID__947__BV_toggle_&amp;quot;&amp;gt;...&amp;lt;/button&amp;gt; is not clickable at point (355, 21). Other element would receive the click: &amp;lt;strong id=&amp;quot;sidebar-1___title__&amp;quot;&amp;gt;...&amp;lt;/strong&amp;gt;
  (Session info: chrome=127.0.6533.89)
Build info: version: &amp;apos;4.22.0&amp;apos;, revision: &amp;apos;c5f3146703*&amp;apos;
System info: os.name: &amp;apos;Windows 10&amp;apos;, os.arch: &amp;apos;amd64&amp;apos;, os.version: &amp;apos;10.0&amp;apos;, java.version: &amp;apos;16.0.1&amp;apos;
Driver info: org.openqa.selenium.chrome.ChromeDriver
Command: [f9921cf2d6bfa23c9a0ef098f21ecbe6, clickElement {id=f.6A59081E47A13E211C927F645F00E5E5.d.232256D1782E32C7852BE935BF343759.e.980}]
Capabilities {acceptInsecureCerts: false, browserName: chrome, browserVersion: 127.0.6533.89, chrome: {chromedriverVersion: 127.0.6533.88 (a2d0cb026721..., userDataDir: C:\Users\tamil\AppData\Loca...}, fedcm:accounts: true, goog:chromeOptions: {debuggerAddress: localhost:55455}, networkConnectionEnabled: false, pageLoadStrategy: normal, platformName: windows, proxy: Proxy(), se:cdp: ws://localhost:55455/devtoo..., se:cdpVersion: 127.0.6533.89, setWindowRect: true, strictFileInteractability: false, timeouts: {implicit: 0, pageLoad: 300000, script: 30000}, unhandledPromptBehavior: dismiss and notify, webauthn:extension:credBlob: true, webauthn:extension:largeBlob: true, webauthn:extension:minPinLength: true, webauthn:extension:prf: true, webauthn:virtualAuthenticators: true}
Element: [[ChromeDriver: chrome on windows (f9921cf2d6bfa23c9a0ef098f21ecbe6)] -&amp;gt; xpath: //button[text()=&amp;apos;Proficiency&amp;apos;]]
Session ID: f9921cf2d6bfa23c9a0ef098f21ecbe6">
      <![CDATA[org.openqa.selenium.ElementClickInterceptedException: element click intercepted: Element <button aria-haspopup="menu" aria-expanded="false" type="button" class="btn dropdown-toggle btn-primary" id="__BVID__947__BV_toggle_">...</button> is not clickable at point (355, 21). Other element would receive the click: <strong id="sidebar-1___title__">...</strong>
  (Session info: chrome=127.0.6533.89)
Build info: version: '4.22.0', revision: 'c5f3146703*'
System info: os.name: 'Windows 10', os.arch: 'amd64', os.version: '10.0', java.version: '16.0.1'
Driver info: org.openqa.selenium.chrome.ChromeDriver
Command: [f9921cf2d6bfa23c9a0ef098f21ecbe6, clickElement {id=f.6A59081E47A13E211C927F645F00E5E5.d.232256D1782E32C7852BE935BF343759.e.980}]
Capabilities {acceptInsecureCerts: false, browserName: chrome, browserVersion: 127.0.6533.89, chrome: {chromedriverVersion: 127.0.6533.88 (a2d0cb026721..., userDataDir: C:\Users\tamil\AppData\Loca...}, fedcm:accounts: true, goog:chromeOptions: {debuggerAddress: localhost:55455}, networkConnectionEnabled: false, pageLoadStrategy: normal, platformName: windows, proxy: Proxy(), se:cdp: ws://localhost:55455/devtoo..., se:cdpVersion: 127.0.6533.89, setWindowRect: true, strictFileInteractability: false, timeouts: {implicit: 0, pageLoad: 300000, script: 30000}, unhandledPromptBehavior: dismiss and notify, webauthn:extension:credBlob: true, webauthn:extension:largeBlob: true, webauthn:extension:minPinLength: true, webauthn:extension:prf: true, webauthn:virtualAuthenticators: true}
Element: [[ChromeDriver: chrome on windows (f9921cf2d6bfa23c9a0ef098f21ecbe6)] -> xpath: //button[text()='Proficiency']]
Session ID: f9921cf2d6bfa23c9a0ef098f21ecbe6
at org.openqa.selenium.remote.ErrorCodec.decode(ErrorCodec.java:167)
at org.openqa.selenium.remote.codec.w3c.W3CHttpResponseCodec.decode(W3CHttpResponseCodec.java:138)
at org.openqa.selenium.remote.codec.w3c.W3CHttpResponseCodec.decode(W3CHttpResponseCodec.java:50)
at org.openqa.selenium.remote.HttpCommandExecutor.execute(HttpCommandExecutor.java:190)
at org.openqa.selenium.remote.service.DriverCommandExecutor.invokeExecute(DriverCommandExecutor.java:216)
at org.openqa.selenium.remote.service.DriverCommandExecutor.execute(DriverCommandExecutor.java:174)
at org.openqa.selenium.remote.RemoteWebDriver.execute(RemoteWebDriver.java:518)
at org.openqa.selenium.remote.RemoteWebElement.execute(RemoteWebElement.java:223)
at org.openqa.selenium.remote.RemoteWebElement.click(RemoteWebElement.java:76)
at mentor.Family.proficiencyclick(Family.java:123)
at java.base/java.util.ArrayList.forEach(ArrayList.java:1511)
... Removed 32 stack frames]]>
    </failure>
  </testcase> <!-- proficiencyclick -->
  <testcase classname="mentor.Family" name="search" time="0.252"/>
  <testcase classname="mentor.FamilyMember" name="action" time="9.208"/>
  <testcase classname="mentor.FamilyMember" name="viewButton" time="20.059">
    <failure type="org.openqa.selenium.NoSuchElementException" message="no such element: Unable to locate element: {&amp;quot;method&amp;quot;:&amp;quot;xpath&amp;quot;,&amp;quot;selector&amp;quot;:&amp;quot;(//div[text()=&amp;apos;12&amp;apos;]/following::div/div/div/button)[1]&amp;quot;}
  (Session info: chrome=127.0.6533.89)
For documentation on this error, please visit: https://www.selenium.dev/documentation/webdriver/troubleshooting/errors#no-such-element-exception
Build info: version: &amp;apos;4.22.0&amp;apos;, revision: &amp;apos;c5f3146703*&amp;apos;
System info: os.name: &amp;apos;Windows 10&amp;apos;, os.arch: &amp;apos;amd64&amp;apos;, os.version: &amp;apos;10.0&amp;apos;, java.version: &amp;apos;16.0.1&amp;apos;
Driver info: org.openqa.selenium.chrome.ChromeDriver
Command: [f9921cf2d6bfa23c9a0ef098f21ecbe6, findElement {value=(//div[text()=&amp;apos;12&amp;apos;]/following::div/div/div/button)[1], using=xpath}]
Capabilities {acceptInsecureCerts: false, browserName: chrome, browserVersion: 127.0.6533.89, chrome: {chromedriverVersion: 127.0.6533.88 (a2d0cb026721..., userDataDir: C:\Users\tamil\AppData\Loca...}, fedcm:accounts: true, goog:chromeOptions: {debuggerAddress: localhost:55455}, networkConnectionEnabled: false, pageLoadStrategy: normal, platformName: windows, proxy: Proxy(), se:cdp: ws://localhost:55455/devtoo..., se:cdpVersion: 127.0.6533.89, setWindowRect: true, strictFileInteractability: false, timeouts: {implicit: 0, pageLoad: 300000, script: 30000}, unhandledPromptBehavior: dismiss and notify, webauthn:extension:credBlob: true, webauthn:extension:largeBlob: true, webauthn:extension:minPinLength: true, webauthn:extension:prf: true, webauthn:virtualAuthenticators: true}
Session ID: f9921cf2d6bfa23c9a0ef098f21ecbe6">
      <![CDATA[org.openqa.selenium.NoSuchElementException: no such element: Unable to locate element: {"method":"xpath","selector":"(//div[text()='12']/following::div/div/div/button)[1]"}
  (Session info: chrome=127.0.6533.89)
For documentation on this error, please visit: https://www.selenium.dev/documentation/webdriver/troubleshooting/errors#no-such-element-exception
Build info: version: '4.22.0', revision: 'c5f3146703*'
System info: os.name: 'Windows 10', os.arch: 'amd64', os.version: '10.0', java.version: '16.0.1'
Driver info: org.openqa.selenium.chrome.ChromeDriver
Command: [f9921cf2d6bfa23c9a0ef098f21ecbe6, findElement {value=(//div[text()='12']/following::div/div/div/button)[1], using=xpath}]
Capabilities {acceptInsecureCerts: false, browserName: chrome, browserVersion: 127.0.6533.89, chrome: {chromedriverVersion: 127.0.6533.88 (a2d0cb026721..., userDataDir: C:\Users\tamil\AppData\Loca...}, fedcm:accounts: true, goog:chromeOptions: {debuggerAddress: localhost:55455}, networkConnectionEnabled: false, pageLoadStrategy: normal, platformName: windows, proxy: Proxy(), se:cdp: ws://localhost:55455/devtoo..., se:cdpVersion: 127.0.6533.89, setWindowRect: true, strictFileInteractability: false, timeouts: {implicit: 0, pageLoad: 300000, script: 30000}, unhandledPromptBehavior: dismiss and notify, webauthn:extension:credBlob: true, webauthn:extension:largeBlob: true, webauthn:extension:minPinLength: true, webauthn:extension:prf: true, webauthn:virtualAuthenticators: true}
Session ID: f9921cf2d6bfa23c9a0ef098f21ecbe6
at org.openqa.selenium.remote.ErrorCodec.decode(ErrorCodec.java:167)
at org.openqa.selenium.remote.codec.w3c.W3CHttpResponseCodec.decode(W3CHttpResponseCodec.java:138)
at org.openqa.selenium.remote.codec.w3c.W3CHttpResponseCodec.decode(W3CHttpResponseCodec.java:50)
at org.openqa.selenium.remote.HttpCommandExecutor.execute(HttpCommandExecutor.java:190)
at org.openqa.selenium.remote.service.DriverCommandExecutor.invokeExecute(DriverCommandExecutor.java:216)
at org.openqa.selenium.remote.service.DriverCommandExecutor.execute(DriverCommandExecutor.java:174)
at org.openqa.selenium.remote.RemoteWebDriver.execute(RemoteWebDriver.java:518)
at org.openqa.selenium.remote.ElementLocation$ElementFinder$2.findElement(ElementLocation.java:165)
at org.openqa.selenium.remote.ElementLocation.findElement(ElementLocation.java:59)
at org.openqa.selenium.remote.RemoteWebDriver.findElement(RemoteWebDriver.java:355)
at org.openqa.selenium.remote.RemoteWebDriver.findElement(RemoteWebDriver.java:349)
at mentor.FamilyMember.viewButton(FamilyMember.java:47)
at java.base/java.util.ArrayList.forEach(ArrayList.java:1511)
... Removed 32 stack frames]]>
    </failure>
  </testcase> <!-- viewButton -->
  <testcase classname="mentor.FamilyMember" name="student" time="1.048">
    <failure type="org.openqa.selenium.ElementClickInterceptedException" message="element click intercepted: Element &amp;lt;button aria-haspopup=&amp;quot;menu&amp;quot; aria-expanded=&amp;quot;false&amp;quot; type=&amp;quot;button&amp;quot; class=&amp;quot;btn dropdown-toggle btn-primary&amp;quot; id=&amp;quot;__BVID__946__BV_toggle_&amp;quot;&amp;gt;...&amp;lt;/button&amp;gt; is not clickable at point (251, 21). Other element would receive the click: &amp;lt;div class=&amp;quot;b-sidebar-backdrop bg-dark&amp;quot; style=&amp;quot;&amp;quot;&amp;gt;&amp;lt;/div&amp;gt;
  (Session info: chrome=127.0.6533.89)
Build info: version: &amp;apos;4.22.0&amp;apos;, revision: &amp;apos;c5f3146703*&amp;apos;
System info: os.name: &amp;apos;Windows 10&amp;apos;, os.arch: &amp;apos;amd64&amp;apos;, os.version: &amp;apos;10.0&amp;apos;, java.version: &amp;apos;16.0.1&amp;apos;
Driver info: org.openqa.selenium.chrome.ChromeDriver
Command: [f9921cf2d6bfa23c9a0ef098f21ecbe6, clickElement {id=f.6A59081E47A13E211C927F645F00E5E5.d.232256D1782E32C7852BE935BF343759.e.979}]
Capabilities {acceptInsecureCerts: false, browserName: chrome, browserVersion: 127.0.6533.89, chrome: {chromedriverVersion: 127.0.6533.88 (a2d0cb026721..., userDataDir: C:\Users\tamil\AppData\Loca...}, fedcm:accounts: true, goog:chromeOptions: {debuggerAddress: localhost:55455}, networkConnectionEnabled: false, pageLoadStrategy: normal, platformName: windows, proxy: Proxy(), se:cdp: ws://localhost:55455/devtoo..., se:cdpVersion: 127.0.6533.89, setWindowRect: true, strictFileInteractability: false, timeouts: {implicit: 0, pageLoad: 300000, script: 30000}, unhandledPromptBehavior: dismiss and notify, webauthn:extension:credBlob: true, webauthn:extension:largeBlob: true, webauthn:extension:minPinLength: true, webauthn:extension:prf: true, webauthn:virtualAuthenticators: true}
Element: [[ChromeDriver: chrome on windows (f9921cf2d6bfa23c9a0ef098f21ecbe6)] -&amp;gt; xpath: //button[text()=&amp;apos;Student&amp;apos;]]
Session ID: f9921cf2d6bfa23c9a0ef098f21ecbe6">
      <![CDATA[org.openqa.selenium.ElementClickInterceptedException: element click intercepted: Element <button aria-haspopup="menu" aria-expanded="false" type="button" class="btn dropdown-toggle btn-primary" id="__BVID__946__BV_toggle_">...</button> is not clickable at point (251, 21). Other element would receive the click: <div class="b-sidebar-backdrop bg-dark" style=""></div>
  (Session info: chrome=127.0.6533.89)
Build info: version: '4.22.0', revision: 'c5f3146703*'
System info: os.name: 'Windows 10', os.arch: 'amd64', os.version: '10.0', java.version: '16.0.1'
Driver info: org.openqa.selenium.chrome.ChromeDriver
Command: [f9921cf2d6bfa23c9a0ef098f21ecbe6, clickElement {id=f.6A59081E47A13E211C927F645F00E5E5.d.232256D1782E32C7852BE935BF343759.e.979}]
Capabilities {acceptInsecureCerts: false, browserName: chrome, browserVersion: 127.0.6533.89, chrome: {chromedriverVersion: 127.0.6533.88 (a2d0cb026721..., userDataDir: C:\Users\tamil\AppData\Loca...}, fedcm:accounts: true, goog:chromeOptions: {debuggerAddress: localhost:55455}, networkConnectionEnabled: false, pageLoadStrategy: normal, platformName: windows, proxy: Proxy(), se:cdp: ws://localhost:55455/devtoo..., se:cdpVersion: 127.0.6533.89, setWindowRect: true, strictFileInteractability: false, timeouts: {implicit: 0, pageLoad: 300000, script: 30000}, unhandledPromptBehavior: dismiss and notify, webauthn:extension:credBlob: true, webauthn:extension:largeBlob: true, webauthn:extension:minPinLength: true, webauthn:extension:prf: true, webauthn:virtualAuthenticators: true}
Element: [[ChromeDriver: chrome on windows (f9921cf2d6bfa23c9a0ef098f21ecbe6)] -> xpath: //button[text()='Student']]
Session ID: f9921cf2d6bfa23c9a0ef098f21ecbe6
at org.openqa.selenium.remote.ErrorCodec.decode(ErrorCodec.java:167)
at org.openqa.selenium.remote.codec.w3c.W3CHttpResponseCodec.decode(W3CHttpResponseCodec.java:138)
at org.openqa.selenium.remote.codec.w3c.W3CHttpResponseCodec.decode(W3CHttpResponseCodec.java:50)
at org.openqa.selenium.remote.HttpCommandExecutor.execute(HttpCommandExecutor.java:190)
at org.openqa.selenium.remote.service.DriverCommandExecutor.invokeExecute(DriverCommandExecutor.java:216)
at org.openqa.selenium.remote.service.DriverCommandExecutor.execute(DriverCommandExecutor.java:174)
at org.openqa.selenium.remote.RemoteWebDriver.execute(RemoteWebDriver.java:518)
at org.openqa.selenium.remote.RemoteWebElement.execute(RemoteWebElement.java:223)
at org.openqa.selenium.remote.RemoteWebElement.click(RemoteWebElement.java:76)
at mentor.FamilyMember.student(FamilyMember.java:62)
at java.base/java.util.ArrayList.forEach(ArrayList.java:1511)
... Removed 32 stack frames]]>
    </failure>
  </testcase> <!-- student -->
  <testcase classname="mentor.FamilyMember" name="area" time="108.174">
    <failure type="org.openqa.selenium.WebDriverException" message="disconnected: not connected to DevTools
  (failed to check if window was closed: disconnected: not connected to DevTools)
  (Session info: chrome=127.0.6533.89)
Build info: version: &amp;apos;4.22.0&amp;apos;, revision: &amp;apos;c5f3146703*&amp;apos;
System info: os.name: &amp;apos;Windows 10&amp;apos;, os.arch: &amp;apos;amd64&amp;apos;, os.version: &amp;apos;10.0&amp;apos;, java.version: &amp;apos;16.0.1&amp;apos;
Driver info: org.openqa.selenium.chrome.ChromeDriver
Command: [f9921cf2d6bfa23c9a0ef098f21ecbe6, findElement {value=//button[@class=&amp;apos;btn dropdown-toggle btn-primary&amp;apos;], using=xpath}]
Capabilities {acceptInsecureCerts: false, browserName: chrome, browserVersion: 127.0.6533.89, chrome: {chromedriverVersion: 127.0.6533.88 (a2d0cb026721..., userDataDir: C:\Users\tamil\AppData\Loca...}, fedcm:accounts: true, goog:chromeOptions: {debuggerAddress: localhost:55455}, networkConnectionEnabled: false, pageLoadStrategy: normal, platformName: windows, proxy: Proxy(), se:cdp: ws://localhost:55455/devtoo..., se:cdpVersion: 127.0.6533.89, setWindowRect: true, strictFileInteractability: false, timeouts: {implicit: 0, pageLoad: 300000, script: 30000}, unhandledPromptBehavior: dismiss and notify, webauthn:extension:credBlob: true, webauthn:extension:largeBlob: true, webauthn:extension:minPinLength: true, webauthn:extension:prf: true, webauthn:virtualAuthenticators: true}
Session ID: f9921cf2d6bfa23c9a0ef098f21ecbe6">
      <![CDATA[org.openqa.selenium.WebDriverException: disconnected: not connected to DevTools
  (failed to check if window was closed: disconnected: not connected to DevTools)
  (Session info: chrome=127.0.6533.89)
Build info: version: '4.22.0', revision: 'c5f3146703*'
System info: os.name: 'Windows 10', os.arch: 'amd64', os.version: '10.0', java.version: '16.0.1'
Driver info: org.openqa.selenium.chrome.ChromeDriver
Command: [f9921cf2d6bfa23c9a0ef098f21ecbe6, findElement {value=//button[@class='btn dropdown-toggle btn-primary'], using=xpath}]
Capabilities {acceptInsecureCerts: false, browserName: chrome, browserVersion: 127.0.6533.89, chrome: {chromedriverVersion: 127.0.6533.88 (a2d0cb026721..., userDataDir: C:\Users\tamil\AppData\Loca...}, fedcm:accounts: true, goog:chromeOptions: {debuggerAddress: localhost:55455}, networkConnectionEnabled: false, pageLoadStrategy: normal, platformName: windows, proxy: Proxy(), se:cdp: ws://localhost:55455/devtoo..., se:cdpVersion: 127.0.6533.89, setWindowRect: true, strictFileInteractability: false, timeouts: {implicit: 0, pageLoad: 300000, script: 30000}, unhandledPromptBehavior: dismiss and notify, webauthn:extension:credBlob: true, webauthn:extension:largeBlob: true, webauthn:extension:minPinLength: true, webauthn:extension:prf: true, webauthn:virtualAuthenticators: true}
Session ID: f9921cf2d6bfa23c9a0ef098f21ecbe6
at org.openqa.selenium.remote.ErrorCodec.decode(ErrorCodec.java:167)
at org.openqa.selenium.remote.codec.w3c.W3CHttpResponseCodec.decode(W3CHttpResponseCodec.java:138)
at org.openqa.selenium.remote.codec.w3c.W3CHttpResponseCodec.decode(W3CHttpResponseCodec.java:50)
at org.openqa.selenium.remote.HttpCommandExecutor.execute(HttpCommandExecutor.java:190)
at org.openqa.selenium.remote.service.DriverCommandExecutor.invokeExecute(DriverCommandExecutor.java:216)
at org.openqa.selenium.remote.service.DriverCommandExecutor.execute(DriverCommandExecutor.java:174)
at org.openqa.selenium.remote.RemoteWebDriver.execute(RemoteWebDriver.java:518)
at org.openqa.selenium.remote.ElementLocation$ElementFinder$2.findElement(ElementLocation.java:165)
at org.openqa.selenium.remote.ElementLocation.findElement(ElementLocation.java:59)
at org.openqa.selenium.remote.RemoteWebDriver.findElement(RemoteWebDriver.java:355)
at org.openqa.selenium.remote.RemoteWebDriver.findElement(RemoteWebDriver.java:349)
at mentor.FamilyMember.area(FamilyMember.java:81)
at java.base/java.util.ArrayList.forEach(ArrayList.java:1511)
... Removed 32 stack frames]]>
    </failure>
  </testcase> <!-- area -->
  <testcase classname="mentor.FamilyMember" name="area" time="108.18">
    <failure type="org.openqa.selenium.WebDriverException" message="disconnected: not connected to DevTools
  (failed to check if window was closed: disconnected: not connected to DevTools)
  (Session info: chrome=127.0.6533.89)
Build info: version: &amp;apos;4.22.0&amp;apos;, revision: &amp;apos;c5f3146703*&amp;apos;
System info: os.name: &amp;apos;Windows 10&amp;apos;, os.arch: &amp;apos;amd64&amp;apos;, os.version: &amp;apos;10.0&amp;apos;, java.version: &amp;apos;16.0.1&amp;apos;
Driver info: org.openqa.selenium.chrome.ChromeDriver
Command: [f9921cf2d6bfa23c9a0ef098f21ecbe6, screenshot {}]
Capabilities {acceptInsecureCerts: false, browserName: chrome, browserVersion: 127.0.6533.89, chrome: {chromedriverVersion: 127.0.6533.88 (a2d0cb026721..., userDataDir: C:\Users\tamil\AppData\Loca...}, fedcm:accounts: true, goog:chromeOptions: {debuggerAddress: localhost:55455}, networkConnectionEnabled: false, pageLoadStrategy: normal, platformName: windows, proxy: Proxy(), se:cdp: ws://localhost:55455/devtoo..., se:cdpVersion: 127.0.6533.89, setWindowRect: true, strictFileInteractability: false, timeouts: {implicit: 0, pageLoad: 300000, script: 30000}, unhandledPromptBehavior: dismiss and notify, webauthn:extension:credBlob: true, webauthn:extension:largeBlob: true, webauthn:extension:minPinLength: true, webauthn:extension:prf: true, webauthn:virtualAuthenticators: true}
Session ID: f9921cf2d6bfa23c9a0ef098f21ecbe6">
      <![CDATA[org.openqa.selenium.WebDriverException: disconnected: not connected to DevTools
  (failed to check if window was closed: disconnected: not connected to DevTools)
  (Session info: chrome=127.0.6533.89)
Build info: version: '4.22.0', revision: 'c5f3146703*'
System info: os.name: 'Windows 10', os.arch: 'amd64', os.version: '10.0', java.version: '16.0.1'
Driver info: org.openqa.selenium.chrome.ChromeDriver
Command: [f9921cf2d6bfa23c9a0ef098f21ecbe6, screenshot {}]
Capabilities {acceptInsecureCerts: false, browserName: chrome, browserVersion: 127.0.6533.89, chrome: {chromedriverVersion: 127.0.6533.88 (a2d0cb026721..., userDataDir: C:\Users\tamil\AppData\Loca...}, fedcm:accounts: true, goog:chromeOptions: {debuggerAddress: localhost:55455}, networkConnectionEnabled: false, pageLoadStrategy: normal, platformName: windows, proxy: Proxy(), se:cdp: ws://localhost:55455/devtoo..., se:cdpVersion: 127.0.6533.89, setWindowRect: true, strictFileInteractability: false, timeouts: {implicit: 0, pageLoad: 300000, script: 30000}, unhandledPromptBehavior: dismiss and notify, webauthn:extension:credBlob: true, webauthn:extension:largeBlob: true, webauthn:extension:minPinLength: true, webauthn:extension:prf: true, webauthn:virtualAuthenticators: true}
Session ID: f9921cf2d6bfa23c9a0ef098f21ecbe6
at org.openqa.selenium.remote.ErrorCodec.decode(ErrorCodec.java:167)
at org.openqa.selenium.remote.codec.w3c.W3CHttpResponseCodec.decode(W3CHttpResponseCodec.java:138)
at org.openqa.selenium.remote.codec.w3c.W3CHttpResponseCodec.decode(W3CHttpResponseCodec.java:50)
at org.openqa.selenium.remote.HttpCommandExecutor.execute(HttpCommandExecutor.java:190)
at org.openqa.selenium.remote.service.DriverCommandExecutor.invokeExecute(DriverCommandExecutor.java:216)
at org.openqa.selenium.remote.service.DriverCommandExecutor.execute(DriverCommandExecutor.java:174)
at org.openqa.selenium.remote.RemoteWebDriver.execute(RemoteWebDriver.java:518)
at org.openqa.selenium.remote.RemoteWebDriver.execute(RemoteWebDriver.java:591)
at org.openqa.selenium.remote.RemoteWebDriver.execute(RemoteWebDriver.java:595)
at org.openqa.selenium.remote.RemoteWebDriver.getScreenshotAs(RemoteWebDriver.java:321)
at mentor.Baseclass.capturefile(Baseclass.java:70)
at mentor.ListenerAll.onTestFailure(ListenerAll.java:39)
at java.base/java.util.ArrayList.forEach(ArrayList.java:1511)
... Removed 29 stack frames]]>
    </failure>
  </testcase> <!-- area -->
  <testcase classname="mentor.Treatment" name="view" time="0.0">
    <ignored/>
  </testcase> <!-- view -->
  <testcase classname="mentor.Baseclass" name="@BeforeSuite sTime" time="0.0">
    <ignored/>
  </testcase> <!-- @BeforeSuite sTime -->
  <testcase classname="mentor.Baseclass" name="@BeforeSuite sTime" time="0.0">
    <ignored/>
  </testcase> <!-- @BeforeSuite sTime -->
  <testcase classname="mentor.Baseclass" name="@BeforeSuite sTime" time="0.0">
    <ignored/>
  </testcase> <!-- @BeforeSuite sTime -->
  <testcase classname="mentor.Baseclass" name="@BeforeSuite sTime" time="0.0">
    <ignored/>
  </testcase> <!-- @BeforeSuite sTime -->
  <testcase classname="mentor.Baseclass" name="@BeforeSuite sTime" time="0.0">
    <ignored/>
  </testcase> <!-- @BeforeSuite sTime -->
  <testcase classname="mentor.Baseclass" name="@BeforeSuite sTime" time="0.0">
    <ignored/>
  </testcase> <!-- @BeforeSuite sTime -->
  <testcase classname="mentor.Baseclass" name="@BeforeSuite sTime" time="0.0">
    <ignored/>
  </testcase> <!-- @BeforeSuite sTime -->
  <testcase classname="mentor.Baseclass" name="@BeforeSuite sTime" time="0.0">
    <ignored/>
  </testcase> <!-- @BeforeSuite sTime -->
  <testcase classname="mentor.Baseclass" name="@BeforeSuite sTime" time="0.0">
    <ignored/>
  </testcase> <!-- @BeforeSuite sTime -->
  <testcase classname="mentor.Baseclass" name="@BeforeSuite sTime" time="0.0">
    <ignored/>
  </testcase> <!-- @BeforeSuite sTime -->
  <testcase classname="mentor.Baseclass" name="@BeforeSuite sTime" time="0.0">
    <ignored/>
  </testcase> <!-- @BeforeSuite sTime -->
  <testcase classname="mentor.DashBoard" name="Treatment" time="0.0">
    <ignored/>
  </testcase> <!-- Treatment -->
  <testcase classname="mentor.Family" name="download" time="0.0">
    <ignored/>
  </testcase> <!-- download -->
  <testcase classname="mentor.DashBoard" name="Resubmit" time="0.0">
    <ignored/>
  </testcase> <!-- Resubmit -->
  <testcase classname="mentor.MorbidityModule" name="morbidity" time="0.0">
    <ignored/>
  </testcase> <!-- morbidity -->
  <testcase classname="mentor.Baseclass" name="@BeforeTest initializedriver" time="0.0">
    <ignored/>
  </testcase> <!-- @BeforeTest initializedriver -->
  <testcase classname="mentor.Baseclass" name="@BeforeTest initializedriver" time="0.0">
    <ignored/>
  </testcase> <!-- @BeforeTest initializedriver -->
  <testcase classname="mentor.Baseclass" name="@BeforeTest initializedriver" time="0.0">
    <ignored/>
  </testcase> <!-- @BeforeTest initializedriver -->
  <testcase classname="mentor.Baseclass" name="@BeforeTest initializedriver" time="0.0">
    <ignored/>
  </testcase> <!-- @BeforeTest initializedriver -->
  <testcase classname="mentor.Baseclass" name="@BeforeTest initializedriver" time="0.0">
    <ignored/>
  </testcase> <!-- @BeforeTest initializedriver -->
  <testcase classname="mentor.Baseclass" name="@BeforeTest initializedriver" time="0.0">
    <ignored/>
  </testcase> <!-- @BeforeTest initializedriver -->
  <testcase classname="mentor.Baseclass" name="@BeforeTest initializedriver" time="0.0">
    <ignored/>
  </testcase> <!-- @BeforeTest initializedriver -->
  <testcase classname="mentor.Baseclass" name="@BeforeTest initializedriver" time="0.0">
    <ignored/>
  </testcase> <!-- @BeforeTest initializedriver -->
  <testcase classname="mentor.Baseclass" name="@BeforeTest initializedriver" time="0.0">
    <ignored/>
  </testcase> <!-- @BeforeTest initializedriver -->
  <testcase classname="mentor.Baseclass" name="@BeforeTest initializedriver" time="0.0">
    <ignored/>
  </testcase> <!-- @BeforeTest initializedriver -->
  <testcase classname="mentor.Baseclass" name="@BeforeTest initializedriver" time="0.0">
    <ignored/>
  </testcase> <!-- @BeforeTest initializedriver -->
  <testcase classname="mentor.DashBoard" name="save" time="0.0">
    <ignored/>
  </testcase> <!-- save -->
  <testcase classname="mentor.DashBoard" name="Approve" time="0.0">
    <ignored/>
  </testcase> <!-- Approve -->
  <testcase classname="mentor.Baseclass" name="@AfterSuite eTime" time="0.0">
    <ignored/>
  </testcase> <!-- @AfterSuite eTime -->
  <testcase classname="mentor.Baseclass" name="@AfterSuite eTime" time="0.0">
    <ignored/>
  </testcase> <!-- @AfterSuite eTime -->
  <testcase classname="mentor.Baseclass" name="@AfterSuite eTime" time="0.0">
    <ignored/>
  </testcase> <!-- @AfterSuite eTime -->
  <testcase classname="mentor.Baseclass" name="@AfterSuite eTime" time="0.0">
    <ignored/>
  </testcase> <!-- @AfterSuite eTime -->
  <testcase classname="mentor.Baseclass" name="@AfterSuite eTime" time="0.0">
    <ignored/>
  </testcase> <!-- @AfterSuite eTime -->
  <testcase classname="mentor.Baseclass" name="@AfterSuite eTime" time="0.0">
    <ignored/>
  </testcase> <!-- @AfterSuite eTime -->
  <testcase classname="mentor.Baseclass" name="@AfterSuite eTime" time="0.0">
    <ignored/>
  </testcase> <!-- @AfterSuite eTime -->
  <testcase classname="mentor.Baseclass" name="@AfterSuite eTime" time="0.0">
    <ignored/>
  </testcase> <!-- @AfterSuite eTime -->
  <testcase classname="mentor.Baseclass" name="@AfterSuite eTime" time="0.0">
    <ignored/>
  </testcase> <!-- @AfterSuite eTime -->
  <testcase classname="mentor.Baseclass" name="@AfterSuite eTime" time="0.0">
    <ignored/>
  </testcase> <!-- @AfterSuite eTime -->
  <testcase classname="mentor.Baseclass" name="@AfterSuite eTime" time="0.0">
    <ignored/>
  </testcase> <!-- @AfterSuite eTime -->
</testsuite> <!-- Test -->
